21:10:45 **** Build of configuration GNU ARM v10.3.1 - Debug for project toggle_led ****
make -j16 all 
Building file: ../app.c
Invoking: GNU ARM C Compiler
arm-none-eabi-gcc -g -gdwarf-2 -mcpu=cortex-m33 -mthumb -std=c99 '-DDEBUG=1' '-DDEBUG_EFM=1' '-DBGM220PC22HNA=1' '-DSL_COMPONENT_CATALOG_PRESENT=1' -I"C:\Users\Wind\OneDrive\Desktop\test\toggle_led\config" -I"C:\Users\Wind\OneDrive\Desktop\test\toggle_led\autogen" -I"C:\Users\Wind\OneDrive\Desktop\test\toggle_led" -I"C:/SiliconLabs/SimplicityStudio/v5/developer/sdks/gecko_sdk_suite/v3.2//platform/Device/SiliconLabs/BGM22/Include" -I"C:/SiliconLabs/SimplicityStudio/v5/developer/sdks/gecko_sdk_suite/v3.2//app/common/util/app_log" -I"C:/SiliconLabs/SimplicityStudio/v5/developer/sdks/gecko_sdk_suite/v3.2//platform/common/inc" -I"C:/SiliconLabs/SimplicityStudio/v5/developer/sdks/gecko_sdk_suite/v3.2//hardware/board/inc" -I"C:/SiliconLabs/SimplicityStudio/v5/developer/sdks/gecko_sdk_suite/v3.2//platform/driver/button/inc" -I"C:/SiliconLabs/SimplicityStudio/v5/developer/sdks/gecko_sdk_suite/v3.2//platform/CMSIS/Include" -I"C:/SiliconLabs/SimplicityStudio/v5/developer/sdks/gecko_sdk_suite/v3.2//platform/service/device_init/inc" -I"C:/SiliconLabs/SimplicityStudio/v5/developer/sdks/gecko_sdk_suite/v3.2//platform/emdrv/common/inc" -I"C:/SiliconLabs/SimplicityStudio/v5/developer/sdks/gecko_sdk_suite/v3.2//platform/emlib/inc" -I"C:/SiliconLabs/SimplicityStudio/v5/developer/sdks/gecko_sdk_suite/v3.2//platform/emdrv/gpiointerrupt/inc" -I"C:/SiliconLabs/SimplicityStudio/v5/developer/sdks/gecko_sdk_suite/v3.2//platform/driver/i2cspm/inc" -I"C:/SiliconLabs/SimplicityStudio/v5/developer/sdks/gecko_sdk_suite/v3.2//platform/service/iostream/inc" -I"C:/SiliconLabs/SimplicityStudio/v5/developer/sdks/gecko_sdk_suite/v3.2//platform/common/toolchain/inc" -I"C:/SiliconLabs/SimplicityStudio/v5/developer/sdks/gecko_sdk_suite/v3.2//platform/service/system/inc" -I"C:/SiliconLabs/SimplicityStudio/v5/developer/sdks/gecko_sdk_suite/v3.2//platform/service/sleeptimer/inc" -I"C:/SiliconLabs/SimplicityStudio/v5/developer/sdks/gecko_sdk_suite/v3.2//platform/service/udelay/inc" -Os -Wall -Wextra -mno-sched-prolog -fno-builtin -ffunction-sections -fdata-sections -imacrossl_gcc_preinclude.h -mfpu=fpv5-sp-d16 -mfloat-abi=hard -c -fmessage-length=0 -MMD -MP -MF"app.d" -MT"app.o" -o "app.o" "../app.c"
../app.c:31:10: fatal error: app_assert.h: No such file or directory
   31 | #include "app_assert.h"
      |          ^~~~~~~~~~~~~~
compilation terminated.
make: *** [subdir.mk:29: app.o] Error 1
"make -j16 all" terminated with exit code 2. Build might be incomplete.

21:10:47 Build Failed. 2 errors, 0 warnings. (took 1s.247ms)

